browse/mapping/release-10000(1.0.0)/seeds.txt
net.honarnama.browse.HonarnamaBrowseApp
net.honarnama.browse.HonarnamaBrowseApp: HonarnamaBrowseApp()
net.honarnama.browse.R$anim
net.honarnama.browse.R$anim: int abc_fade_in
net.honarnama.browse.R$anim: int abc_fade_out
net.honarnama.browse.R$anim: int abc_grow_fade_in_from_bottom
net.honarnama.browse.R$anim: int abc_popup_enter
net.honarnama.browse.R$anim: int abc_popup_exit
net.honarnama.browse.R$anim: int abc_shrink_fade_out_from_bottom
net.honarnama.browse.R$anim: int abc_slide_in_bottom
net.honarnama.browse.R$anim: int abc_slide_in_top
net.honarnama.browse.R$anim: int abc_slide_out_bottom
net.honarnama.browse.R$anim: int abc_slide_out_top
net.honarnama.browse.R$anim: int design_bottom_sheet_slide_in
net.honarnama.browse.R$anim: int design_bottom_sheet_slide_out
net.honarnama.browse.R$anim: int design_fab_in
net.honarnama.browse.R$anim: int design_fab_out
net.honarnama.browse.R$anim: int design_snackbar_in
net.honarnama.browse.R$anim: int design_snackbar_out
net.honarnama.browse.R$array
net.honarnama.browse.R$array: int days
net.honarnama.browse.R$array: int months
net.honarnama.browse.R$array: int price_values
net.honarnama.browse.R$array: int years
net.honarnama.browse.R$attr
net.honarnama.browse.R$attr: int actionBarDivider
net.honarnama.browse.R$attr: int actionBarItemBackground
net.honarnama.browse.R$attr: int actionBarPopupTheme
net.honarnama.browse.R$attr: int actionBarSize
net.honarnama.browse.R$attr: int actionBarSplitStyle
net.honarnama.browse.R$attr: int actionBarStyle
net.honarnama.browse.R$attr: int actionBarTabBarStyle
net.honarnama.browse.R$attr: int actionBarTabStyle
net.honarnama.browse.R$attr: int actionBarTabTextStyle
net.honarnama.browse.R$attr: int actionBarTheme
net.honarnama.browse.R$attr: int actionBarWidgetTheme
net.honarnama.browse.R$attr: int actionButtonStyle
net.honarnama.browse.R$attr: int actionDropDownStyle
net.honarnama.browse.R$attr: int actionLayout
net.honarnama.browse.R$attr: int actionMenuTextAppearance
net.honarnama.browse.R$attr: int actionMenuTextColor
net.honarnama.browse.R$attr: int actionModeBackground
net.honarnama.browse.R$attr: int actionModeCloseButtonStyle
net.honarnama.browse.R$attr: int actionModeCloseDrawable
net.honarnama.browse.R$attr: int actionModeCopyDrawable
net.honarnama.browse.R$attr: int actionModeCutDrawable
net.honarnama.browse.R$attr: int actionModeFindDrawable
net.honarnama.browse.R$attr: int actionModePasteDrawable
net.honarnama.browse.R$attr: int actionModePopupWindowStyle
net.honarnama.browse.R$attr: int actionModeSelectAllDrawable
net.honarnama.browse.R$attr: int actionModeShareDrawable
net.honarnama.browse.R$attr: int actionModeSplitBackground
net.honarnama.browse.R$bool
net.honarnama.browse.R$bool: int abc_action_bar_embed_tabs
net.honarnama.browse.R$bool: int abc_action_bar_embed_tabs_pre_jb
net.honarnama.browse.R$bool: int abc_action_bar_expanded_action_views_exclusive
net.honarnama.browse.R$bool: int abc_allow_stacked_button_bar
net.honarnama.browse.R$bool: int abc_config_actionMenuItemAllCaps
net.honarnama.browse.R$bool: int abc_config_allowActionMenuItemTextWithIcon
net.honarnama.browse.R$bool: int abc_config_closeDialogWhenTouchOutside
net.honarnama.browse.R$bool: int abc_config_showMenuShortcutsWhenKeyboardPresent
...
android.support.design.widget.Snackbar$Callback
android.support.design.widget.Snackbar$Callback: int DISMISS_EVENT_SWIPE
android.support.design.widget.Snackbar$Callback: int DISMISS_EVENT_ACTION
android.support.design.widget.Snackbar$Callback: int DISMISS_EVENT_TIMEOUT
android.support.design.widget.Snackbar$Callback: int DISMISS_EVENT_MANUAL
android.support.design.widget.Snackbar$Callback: int DISMISS_EVENT_CONSECUTIVE
android.support.design.widget.Snackbar$Callback: Snackbar$Callback()
android.support.design.widget.Snackbar$Callback: void onDismissed(android.support.design.widget.Snackbar,int)
android.support.design.widget.Snackbar$Callback: void onShown(android.support.design.widget.Snackbar)
android.support.design.widget.Snackbar$Callback$DismissEvent
android.support.design.widget.Snackbar$Duration
android.support.design.widget.Snackbar$SnackbarLayout
android.support.design.widget.Snackbar$SnackbarLayout: android.widget.TextView mMessageView
android.support.design.widget.Snackbar$SnackbarLayout: android.widget.Button mActionView
android.support.design.widget.Snackbar$SnackbarLayout: int mMaxWidth
android.support.design.widget.Snackbar$SnackbarLayout: int mMaxInlineActionWidth
android.support.design.widget.Snackbar$SnackbarLayout: android.support.design.widget.Snackbar$SnackbarLayout$OnLayoutChangeListener mOnLayoutChangeListener
android.support.design.widget.Snackbar$SnackbarLayout: android.support.design.widget.Snackbar$SnackbarLayout$OnAttachStateChangeListener mOnAttachStateChangeListener
android.support.design.widget.Snackbar$SnackbarLayout: Snackbar$SnackbarLayout(android.content.Context)
android.support.design.widget.Snackbar$SnackbarLayout: Snackbar$SnackbarLayout(android.content.Context,android.util.AttributeSet)
android.support.design.widget.Snackbar$SnackbarLayout: void onFinishInflate()
android.support.design.widget.Snackbar$SnackbarLayout: android.widget.TextView getMessageView()
android.support.design.widget.Snackbar$SnackbarLayout: android.widget.Button getActionView()
android.support.design.widget.Snackbar$SnackbarLayout: void onMeasure(int,int)
android.support.design.widget.Snackbar$SnackbarLayout: void animateChildrenIn(int,int)
android.support.design.widget.Snackbar$SnackbarLayout: void animateChildrenOut(int,int)
android.support.design.widget.Snackbar$SnackbarLayout$OnAttachStateChangeListener
android.support.design.widget.Snackbar$SnackbarLayout$OnAttachStateChangeListener: void onViewAttachedToWindow(android.view.View)
android.support.design.widget.Snackbar$SnackbarLayout$OnAttachStateChangeListener: void onViewDetachedFromWindow(android.view.View)
android.support.design.widget.Snackbar$SnackbarLayout$OnLayoutChangeListener
android.support.design.widget.Snackbar$SnackbarLayout$OnLayoutChangeListener: void onLayoutChange(android.view.View,int,int,int,int)