browse/mapping/release-10000(1.0.0)/mapping.txt
net.honarnama.browse.HonarnamaBrowseApp -> net.honarnama.browse.HonarnamaBrowseApp:
    com.google.android.gms.analytics.Tracker mTracker -> i
    18:18:void <init>() -> <init>
    30:37:void onCreate() -> onCreate
    48:53:com.google.android.gms.analytics.Tracker getDefaultTracker() -> d
net.honarnama.browse.R -> net.honarnama.browse.R:
net.honarnama.browse.R$anim -> net.honarnama.browse.R$anim:
    int abc_fade_in -> abc_fade_in
    int abc_fade_out -> abc_fade_out
    int abc_grow_fade_in_from_bottom -> abc_grow_fade_in_from_bottom
    int abc_popup_enter -> abc_popup_enter
    int abc_popup_exit -> abc_popup_exit
    int abc_shrink_fade_out_from_bottom -> abc_shrink_fade_out_from_bottom
    int abc_slide_in_bottom -> abc_slide_in_bottom
    int abc_slide_in_top -> abc_slide_in_top
    int abc_slide_out_bottom -> abc_slide_out_bottom
    int abc_slide_out_top -> abc_slide_out_top
    int design_bottom_sheet_slide_in -> design_bottom_sheet_slide_in
    int design_bottom_sheet_slide_out -> design_bottom_sheet_slide_out
    int design_fab_in -> design_fab_in
    int design_fab_out -> design_fab_out
    int design_snackbar_in -> design_snackbar_in
    int design_snackbar_out -> design_snackbar_out
    11:11:void <init>() -> <init>
net.honarnama.browse.R$array -> net.honarnama.browse.R$array:
    int days -> days
    int months -> months
    int price_values -> price_values
    int years -> years
    29:29:void <init>() -> <init>
net.honarnama.browse.R$attr -> net.honarnama.browse.R$attr:
    int actionBarDivider -> actionBarDivider
    int actionBarItemBackground -> actionBarItemBackground
    int actionBarPopupTheme -> actionBarPopupTheme
    int actionBarSize -> actionBarSize
    int actionBarSplitStyle -> actionBarSplitStyle
    int actionBarStyle -> actionBarStyle
    int actionBarTabBarStyle -> actionBarTabBarStyle
    int actionBarTabStyle -> actionBarTabStyle
    int actionBarTabTextStyle -> actionBarTabTextStyle
    int actionBarTheme -> actionBarTheme
    int actionBarWidgetTheme -> actionBarWidgetTheme
    int actionButtonStyle -> actionButtonStyle
    int actionDropDownStyle -> actionDropDownStyle
    int actionLayout -> actionLayout
    int actionMenuTextAppearance -> actionMenuTextAppearance
    int actionMenuTextColor -> actionMenuTextColor
    int actionModeBackground -> actionModeBackground
    int actionModeCloseButtonStyle -> actionModeCloseButtonStyle
    int actionModeCloseDrawable -> actionModeCloseDrawable
    int actionModeCopyDrawable -> actionModeCopyDrawable
    int actionModeCutDrawable -> actionModeCutDrawable
    int actionModeFindDrawable -> actionModeFindDrawable
    int actionModePasteDrawable -> actionModePasteDrawable
    int actionModePopupWindowStyle -> actionModePopupWindowStyle
    int actionModeSelectAllDrawable -> actionModeSelectAllDrawable
    int actionModeShareDrawable -> actionModeShareDrawable
net.honarnama.browse.R$bool -> net.honarnama.browse.R$bool:
    int abc_action_bar_embed_tabs -> abc_action_bar_embed_tabs
    int abc_action_bar_embed_tabs_pre_jb -> abc_action_bar_embed_tabs_pre_jb
    int abc_action_bar_expanded_action_views_exclusive -> abc_action_bar_expanded_action_views_exclusive
    int abc_allow_stacked_button_bar -> abc_allow_stacked_button_bar
    int abc_config_actionMenuItemAllCaps -> abc_config_actionMenuItemAllCaps
    int abc_config_allowActionMenuItemTextWithIcon -> abc_config_allowActionMenuItemTextWithIcon
    int abc_config_closeDialogWhenTouchOutside -> abc_config_closeDialogWhenTouchOutside
    int abc_config_showMenuShortcutsWhenKeyboardPresent -> abc_config_showMenuShortcutsWhenKeyboardPresent
    2302:2302:void <init>() -> <init>
...
android.support.design.widget.ViewGroupUtils$ViewGroupUtilsImplHoneycomb -> android.support.design.widget.ViewGroupUtils$ViewGroupUtilsImplHoneycomb:
    41:41:void <init>() -> <init>
    44:45:void offsetDescendantRect(android.view.ViewGroup,android.view.View,android.graphics.Rect) -> offsetDescendantRect
    41:41:void <init>(android.support.design.widget.ViewGroupUtils$1) -> <init>
android.support.design.widget.ViewGroupUtilsHoneycomb -> android.support.design.widget.ViewGroupUtilsHoneycomb:
    java.lang.ThreadLocal sMatrix -> sMatrix
    java.lang.ThreadLocal sRectF -> sRectF
    android.graphics.Matrix IDENTITY -> IDENTITY
    26:26:void <init>() -> <init>
    32:50:void offsetDescendantRect(android.view.ViewGroup,android.view.View,android.graphics.Rect) -> offsetDescendantRect
    53:65:void offsetDescendantMatrix(android.view.ViewParent,android.view.View,android.graphics.Matrix) -> offsetDescendantMatrix
    27:29:void <clinit>() -> <clinit>
android.support.design.widget.ViewOffsetBehavior -> android.support.design.widget.ViewOffsetBehavior:
    android.support.design.widget.ViewOffsetHelper mViewOffsetHelper -> mViewOffsetHelper
    int mTempTopBottomOffset -> mTempTopBottomOffset
    int mTempLeftRightOffset -> mTempLeftRightOffset
    30:33:void <init>() -> <init>
    30:37:void <init>(android.content.Context,android.util.AttributeSet) -> <init>
    42:58:boolean onLayoutChild(android.support.design.widget.CoordinatorLayout,android.view.View,int) -> onLayoutChild
    63:64:void layoutChild(android.support.design.widget.CoordinatorLayout,android.view.View,int) -> layoutChild
    67:72:boolean setTopAndBottomOffset(int) -> setTopAndBottomOffset
    76:81:boolean setLeftAndRightOffset(int) -> setLeftAndRightOffset
    85:85:int getTopAndBottomOffset() -> getTopAndBottomOffset
    89:89:int getLeftAndRightOffset() -> getLeftAndRightOffset
android.support.design.widget.ViewOffsetHelper -> android.support.design.widget.ViewOffsetHelper:
    android.view.View mView -> mView
    int mLayoutTop -> mLayoutTop
    int mLayoutLeft -> mLayoutLeft
    int mOffsetTop -> mOffsetTop
    int mOffsetLeft -> mOffsetLeft
    41:43:void <init>(android.view.View) -> <init>
    47:52:void onViewLayout() -> onViewLayout
    55:66:void updateOffsets() -> updateOffsets
    69:72:void tickleInvalidationFlag(android.view.View) -> tickleInvalidationFlag
    81:86:boolean setTopAndBottomOffset(int) -> setTopAndBottomOffset
    96:101:boolean setLeftAndRightOffset(int) -> setLeftAndRightOffset
    105:105:int getTopAndBottomOffset() -> getTopAndBottomOffset
    109:109:int getLeftAndRightOffset() -> getLeftAndRightOffset
android.support.design.widget.ViewUtils -> android.support.design.widget.ViewUtils:
    android.support.design.widget.ValueAnimatorCompat$Creator DEFAULT_ANIMATOR_CREATOR -> DEFAULT_ANIMATOR_CREATOR
    android.support.design.widget.ViewUtils$ViewUtilsImpl IMPL -> IMPL
    22:45:void <init>() -> <init>
    64:65:void setBoundsViewOutlineProvider(android.view.View) -> setBoundsViewOutlineProvider
    68:68:android.support.design.widget.ValueAnimatorCompat createAnimator() -> createAnimator
    24:61:void <clinit>() -> <clinit>
android.support.design.widget.ViewUtils$1 -> android.support.design.widget.ViewUtils$1:
    25:25:void <init>() -> <init>
    28:28:android.support.design.widget.ValueAnimatorCompat createAnimator() -> createAnimator
android.support.design.widget.ViewUtils$ViewUtilsImpl -> android.support.design.widget.ViewUtils$ViewUtilsImpl:
    void setBoundsViewOutlineProvider(android.view.View) -> setBoundsViewOutlineProvider
android.support.design.widget.ViewUtils$ViewUtilsImplBase -> android.support.design.widget.ViewUtils$ViewUtilsImplBase:
    38:38:void <init>() -> <init>
    42:42:void setBoundsViewOutlineProvider(android.view.View) -> setBoundsViewOutlineProvider
    38:38:void <init>(android.support.design.widget.ViewUtils$1) -> <init>