browse/mapping/release-10000(1.0.0)/usage.txt
net.honarnama.browse.BuildConfig
net.honarnama.browse.HonarnamaBrowseApp:
    public static final java.lang.String PRODUCTION_TAG
    public static final java.lang.String EXTRA_KEY_MIN_PRICE_INDEX
    public static final java.lang.String EXTRA_KEY_MIN_PRICE_VALUE
    public static final java.lang.String EXTRA_KEY_MAX_PRICE_INDEX
    public static final java.lang.String EXTRA_KEY_MAX_PRICE_VALUE
    public static final java.lang.String EXTRA_KEY_SEARCH_TERM
net.honarnama.browse.R:
    10:3921:public R()
net.honarnama.browse.activity.ControlPanelActivity:
    public static final int ITEM_IDENTIFIER_LOCATION
    public static final int ITEM_IDENTIFIER_CONTACT
    public static final int ITEM_IDENTIFIER_RULES
    public static final int ITEM_IDENTIFIER_ABOUT
    public static final int ITEM_IDENTIFIER_SHARE
    public static final int ITEM_IDENTIFIER_SUPPORT
    public static final int ITEM_IDENTIFIER_SWAP
    public static final int ITEM_IDENTIFIER_EXIT
net.honarnama.browse.activity.HonarnamaBrowseActivity:
    public static final java.lang.String SELECTED_TAB_EXTRA_KEY
net.honarnama.browse.adapter.EventsAdapter:
    public static final java.lang.String DEBUG_TAG
net.honarnama.browse.adapter.ItemsAdapter:
    public static final java.lang.String DEBUG_TAG
net.honarnama.browse.adapter.ShopsAdapter:
    public static final java.lang.String DEBUG_TAG
net.honarnama.browse.fragment.BookmarksFragment:
    103:103:public void onSelectedTabClick()
net.honarnama.browse.fragment.ChildFragment:
    private static final long TIME_DELAY_TO_RESET_TAB
    public static net.honarnama.browse.fragment.ChildFragment mChildFragment
    82:82:public int getCountOfBackStack()
net.honarnama.browse.fragment.EventPageFragment:
    public static net.honarnama.browse.fragment.EventPageFragment mEventPageFragment
    112:112:public void onSelectedTabClick()
net.honarnama.browse.fragment.EventsFragment:
    218:218:public void onSelectedTabClick()
net.honarnama.browse.fragment.HonarnamaBrowseFragment:
    public static final int PAGE_SIZE
    public abstract void onSelectedTabClick()
net.honarnama.browse.fragment.ItemPageFragment:
    public static net.honarnama.browse.fragment.ShopPageFragment mShopPageFragment
    int mPrevPosition
    139:139:public void onSelectedTabClick()
net.honarnama.browse.fragment.ItemsFragment:
    199:199:public void onSelectedTabClick()
net.honarnama.browse.fragment.NoNetFragment:
    62:62:public void onSelectedTabClick()
net.honarnama.browse.fragment.SearchFragment
net.honarnama.browse.fragment.SearchFragment$1
net.honarnama.browse.fragment.SearchFragment$2
net.honarnama.browse.fragment.SearchFragment$3
net.honarnama.browse.fragment.SearchFragment$4
net.honarnama.browse.fragment.SearchFragment$5
net.honarnama.browse.fragment.SearchFragment$SearchSegment
net.honarnama.browse.fragment.SearchFragment$searchEventsAsync
net.honarnama.browse.fragment.SearchFragment$searchItemsAsync
net.honarnama.browse.fragment.SearchFragment$searchShopsAsync
net.honarnama.browse.fragment.ShopPageFragment:
    public static net.honarnama.browse.fragment.ShopPageFragment mShopPageFragment
    106:106:public void onSelectedTabClick()
net.honarnama.browse.fragment.ShopsFragment:
    193:193:public void onSelectedTabClick()
...
bolts.AppLinkNavigation
bolts.AppLinkNavigation$1
bolts.AppLinkNavigation$NavigationResult
bolts.AppLinkResolver
bolts.AppLinks
bolts.Bolts
bolts.BoltsExecutors:
    44:44:static java.util.concurrent.ScheduledExecutorService scheduled()
bolts.BoltsExecutors$ImmediateExecutor:
    private static final int MAX_DEPTH
bolts.CancellationToken:
    36:38:CancellationToken(bolts.CancellationTokenSource)
    55:55:public bolts.CancellationTokenRegistration register(java.lang.Runnable)
    63:64:public void throwIfCancellationRequested()
bolts.CancellationTokenRegistration:
    21:29:CancellationTokenRegistration(bolts.CancellationTokenSource,java.lang.Runnable)
    49:54:void runAction()
    57:60:private void throwIfClosed()
bolts.CancellationTokenSource:
    private final java.util.concurrent.ScheduledExecutorService executor
    31:42:public CancellationTokenSource()
    58:61:public bolts.CancellationToken getToken()
    69:81:public void cancel()
    89:90:public void cancelAfter(long)
    93:121:private void cancelAfter(long,java.util.concurrent.TimeUnit)
    142:152:bolts.CancellationTokenRegistration register(java.lang.Runnable)
    160:166:void throwIfCancellationRequested()
    181:184:private void notifyListeners(java.util.List)
    29:29:static synthetic java.lang.Object access$000(bolts.CancellationTokenSource)
    29:29:static synthetic java.util.concurrent.ScheduledFuture access$102(bolts.CancellationTokenSource,java.util.concurrent.ScheduledFuture)
bolts.CancellationTokenSource$1
bolts.Capture
bolts.MeasurementEvent
bolts.Task:
    88:89:public static void setUnobservedExceptionHandler(bolts.Task$UnobservedExceptionHandler)
    119:120:public static bolts.Task$TaskCompletionSource create()
    180:185:public void waitForCompletion()
    193:198:public boolean waitForCompletion(long,java.util.concurrent.TimeUnit)
    206:214:public static bolts.Task forResult(java.lang.Object)
    241:241:public static bolts.Task delay(long)
    253:253:public static bolts.Task delay(long,bolts.CancellationToken)
    257:283:static bolts.Task delay(long,java.util.concurrent.ScheduledExecutorService,bolts.CancellationToken)
    292:293:public bolts.Task cast()
    300:300:public bolts.Task makeVoid()
    321:321:public static bolts.Task callInBackground(java.util.concurrent.Callable)
    328:328:public static bolts.Task callInBackground(java.util.concurrent.Callable,bolts.CancellationToken)
    338:338:public static bolts.Task call(java.util.concurrent.Callable,java.util.concurrent.Executor)
    346:369:public static bolts.Task call(java.util.concurrent.Callable,java.util.concurrent.Executor,bolts.CancellationToken)
    379:379:public static bolts.Task call(java.util.concurrent.Callable)
    386:386:public static bolts.Task call(java.util.concurrent.Callable,bolts.CancellationToken)
    402:422:public static bolts.Task whenAnyResult(java.util.Collection)
    439:459:public static bolts.Task whenAny(java.util.Collection)
    488:488:public static bolts.Task whenAllResult(java.util.Collection)
bolts.Task$1
bolts.Task$12
bolts.Task$2
bolts.Task$3
bolts.Task$4
bolts.Task$5
bolts.Task$6
bolts.Task$7
bolts.Task$8
bolts.Task$9
bolts.Task$TaskCompletionSource
bolts.WebViewAppLinkResolver
bolts.WebViewAppLinkResolver$1
bolts.WebViewAppLinkResolver$2
bolts.WebViewAppLinkResolver$2$1
bolts.WebViewAppLinkResolver$2$2
bolts.WebViewAppLinkResolver$3
com.google.android.gms.R:
    9:70:public R()
com.google.android.gms.analytics.ExceptionReporter:
    public com.google.android.gms.analytics.ExceptionParser getExceptionParser()
    public void setExceptionParser(com.google.android.gms.analytics.ExceptionParser)